<?xml version="1.0" encoding="UTF-8"?>
<testng-results skipped="0" failed="0" total="1" passed="1">
  <reporter-output>
  </reporter-output>
  <suite name="Default suite" duration-ms="67662" started-at="2017-10-02T07:03:26Z" finished-at="2017-10-02T07:04:34Z">
    <groups>
    </groups>
    <test name="Default test" duration-ms="67662" started-at="2017-10-02T07:03:26Z" finished-at="2017-10-02T07:04:34Z">
      <class name="com.git.GitRepo.Test1">
        <test-method status="PASS" signature="launch()[pri:0, instance:com.git.GitRepo.Test1@11053e1]" name="launch" duration-ms="67614" started-at="2017-10-02T12:33:27Z" finished-at="2017-10-02T12:34:34Z">
          <reporter-output>
          </reporter-output>
        </test-method> <!-- launch -->
      </class> <!-- com.git.GitRepo.Test1 -->
    </test> <!-- Default test -->
  </suite> <!-- Default suite -->
</testng-results>
